Start testing: Dec 10 11:01 CST
----------------------------------------------------------
1/39 Testing: compile with bug-checkers
1/39 Test: compile with bug-checkers
Command: "/snap/cmake/1429/bin/cmake" "--build" "/home/vboxuser/CS144/minnow/build" "-t" "functionality_testing" "webget"
Directory: /home/vboxuser/CS144/minnow/build
"compile with bug-checkers" start time: Dec 10 11:01 CST
Output:
----------------------------------------------------------
make[4]: warning: -j4 forced in submake: resetting jobserver mode.
[  4%] Built target minnow_testing_debug
[  6%] [32mBuilding CXX object src/CMakeFiles/minnow_debug.dir/byte_stream.cc.o[0m
[ 10%] Built target minnow_testing_sanitized
[ 26%] Built target util_debug
[ 42%] Built target util_sanitized
[ 44%] [32mBuilding CXX object src/CMakeFiles/minnow_sanitized.dir/byte_stream.cc.o[0m
[ 46%] [32m[1mLinking CXX static library libminnow_debug.a[0m
[ 48%] Built target minnow_debug
[ 52%] [32m[1mLinking CXX executable byte_stream_basics[0m
[ 52%] [32m[1mLinking CXX executable byte_stream_stress_test[0m
[ 54%] [32m[1mLinking CXX executable byte_stream_capacity[0m
[ 56%] Built target byte_stream_stress_test
[ 58%] [32m[1mLinking CXX static library libminnow_sanitized.a[0m
[ 60%] Built target byte_stream_capacity
[ 62%] Built target byte_stream_basics
[ 64%] [32m[1mLinking CXX executable byte_stream_one_write[0m
[ 66%] [32m[1mLinking CXX executable byte_stream_two_writes[0m
[ 68%] [32m[1mLinking CXX executable byte_stream_many_writes[0m
[ 70%] Built target minnow_sanitized
[ 72%] [32m[1mLinking CXX executable byte_stream_basics_sanitized[0m
[ 74%] Built target byte_stream_two_writes
[ 76%] Built target byte_stream_one_write
[ 78%] [32m[1mLinking CXX executable byte_stream_capacity_sanitized[0m
[ 80%] [32m[1mLinking CXX executable byte_stream_one_write_sanitized[0m
[ 82%] Built target byte_stream_many_writes
[ 84%] [32m[1mLinking CXX executable byte_stream_two_writes_sanitized[0m
[ 86%] Built target byte_stream_basics_sanitized
[ 88%] [32m[1mLinking CXX executable byte_stream_many_writes_sanitized[0m
[ 90%] Built target byte_stream_capacity_sanitized
[ 92%] Built target byte_stream_one_write_sanitized
[ 94%] [32m[1mLinking CXX executable byte_stream_stress_test_sanitized[0m
[ 96%] Built target byte_stream_two_writes_sanitized
[ 98%] Built target byte_stream_many_writes_sanitized
[100%] Built target byte_stream_stress_test_sanitized
[100%] Built target functionality_testing
[ 13%] Built target stream_copy
[ 33%] Built target minnow_debug
[ 86%] Built target util_debug
[ 93%] [32m[1mLinking CXX executable webget[0m
[100%] Built target webget
<end of output>
Test time =   1.02 sec
----------------------------------------------------------
Test Passed.
"compile with bug-checkers" end time: Dec 10 11:01 CST
"compile with bug-checkers" time elapsed: 00:00:01
----------------------------------------------------------

2/39 Testing: t_webget
2/39 Test: t_webget
Command: "/home/vboxuser/CS144/minnow/tests/webget_t.sh" "/home/vboxuser/CS144/minnow/build"
Directory: /home/vboxuser/CS144/minnow/build
"t_webget" start time: Dec 10 11:01 CST
Output:
----------------------------------------------------------
Function called: get_URL(cs144.keithw.org, /nph-hasher/xyzzy)
Warning: get_URL() has not been implemented yet.
123HTTP/1.1 200 OK
Content-type: text/plain

7SmXqWkrLKzVBCEalbSPqBcvs11Pw263K7x4Wv3JckI
<end of output>
Test time =   0.98 sec
----------------------------------------------------------
Test Passed.
"t_webget" end time: Dec 10 11:01 CST
"t_webget" time elapsed: 00:00:00
----------------------------------------------------------

3/39 Testing: byte_stream_basics
3/39 Test: byte_stream_basics
Command: "/home/vboxuser/CS144/minnow/build/tests/byte_stream_basics_sanitized"
Directory: /home/vboxuser/CS144/minnow/build
"byte_stream_basics" start time: Dec 10 11:01 CST
Output:
----------------------------------------------------------
<end of output>
Test time =   0.01 sec
----------------------------------------------------------
Test Passed.
"byte_stream_basics" end time: Dec 10 11:01 CST
"byte_stream_basics" time elapsed: 00:00:00
----------------------------------------------------------

4/39 Testing: byte_stream_capacity
4/39 Test: byte_stream_capacity
Command: "/home/vboxuser/CS144/minnow/build/tests/byte_stream_capacity_sanitized"
Directory: /home/vboxuser/CS144/minnow/build
"byte_stream_capacity" start time: Dec 10 11:01 CST
Output:
----------------------------------------------------------
<end of output>
Test time =   0.01 sec
----------------------------------------------------------
Test Passed.
"byte_stream_capacity" end time: Dec 10 11:01 CST
"byte_stream_capacity" time elapsed: 00:00:00
----------------------------------------------------------

5/39 Testing: byte_stream_one_write
5/39 Test: byte_stream_one_write
Command: "/home/vboxuser/CS144/minnow/build/tests/byte_stream_one_write_sanitized"
Directory: /home/vboxuser/CS144/minnow/build
"byte_stream_one_write" start time: Dec 10 11:01 CST
Output:
----------------------------------------------------------
<end of output>
Test time =   0.01 sec
----------------------------------------------------------
Test Passed.
"byte_stream_one_write" end time: Dec 10 11:01 CST
"byte_stream_one_write" time elapsed: 00:00:00
----------------------------------------------------------

6/39 Testing: byte_stream_two_writes
6/39 Test: byte_stream_two_writes
Command: "/home/vboxuser/CS144/minnow/build/tests/byte_stream_two_writes_sanitized"
Directory: /home/vboxuser/CS144/minnow/build
"byte_stream_two_writes" start time: Dec 10 11:01 CST
Output:
----------------------------------------------------------
<end of output>
Test time =   0.01 sec
----------------------------------------------------------
Test Passed.
"byte_stream_two_writes" end time: Dec 10 11:01 CST
"byte_stream_two_writes" time elapsed: 00:00:00
----------------------------------------------------------

7/39 Testing: byte_stream_many_writes
7/39 Test: byte_stream_many_writes
Command: "/home/vboxuser/CS144/minnow/build/tests/byte_stream_many_writes_sanitized"
Directory: /home/vboxuser/CS144/minnow/build
"byte_stream_many_writes" start time: Dec 10 11:01 CST
Output:
----------------------------------------------------------
<end of output>
Test time =   0.04 sec
----------------------------------------------------------
Test Passed.
"byte_stream_many_writes" end time: Dec 10 11:01 CST
"byte_stream_many_writes" time elapsed: 00:00:00
----------------------------------------------------------

8/39 Testing: byte_stream_stress_test
8/39 Test: byte_stream_stress_test
Command: "/home/vboxuser/CS144/minnow/build/tests/byte_stream_stress_test_sanitized"
Directory: /home/vboxuser/CS144/minnow/build
"byte_stream_stress_test" start time: Dec 10 11:01 CST
Output:
----------------------------------------------------------
<end of output>
Test time =   0.07 sec
----------------------------------------------------------
Test Passed.
"byte_stream_stress_test" end time: Dec 10 11:01 CST
"byte_stream_stress_test" time elapsed: 00:00:00
----------------------------------------------------------

37/39 Testing: compile with optimization
37/39 Test: compile with optimization
Command: "/snap/cmake/1429/bin/cmake" "--build" "/home/vboxuser/CS144/minnow/build" "-t" "speed_testing"
Directory: /home/vboxuser/CS144/minnow/build
"compile with optimization" start time: Dec 10 11:01 CST
Output:
----------------------------------------------------------
make[4]: warning: -j4 forced in submake: resetting jobserver mode.
[  7%] [32mBuilding CXX object src/CMakeFiles/minnow_optimized.dir/byte_stream.cc.o[0m
[ 69%] Built target util_optimized
[ 76%] [32m[1mLinking CXX static library libminnow_optimized.a[0m
[ 84%] Built target minnow_optimized
[ 92%] [32m[1mLinking CXX executable byte_stream_speed_test[0m
[100%] Built target byte_stream_speed_test
[100%] Built target speed_testing
<end of output>
Test time =   0.54 sec
----------------------------------------------------------
Test Passed.
"compile with optimization" end time: Dec 10 11:01 CST
"compile with optimization" time elapsed: 00:00:00
----------------------------------------------------------

38/39 Testing: byte_stream_speed_test
38/39 Test: byte_stream_speed_test
Command: "/home/vboxuser/CS144/minnow/build/tests/byte_stream_speed_test"
Directory: /home/vboxuser/CS144/minnow/build
"byte_stream_speed_test" start time: Dec 10 11:01 CST
Output:
----------------------------------------------------------
ByteStream with capacity=32768, write_size=1500, read_size=128 reached 16.94 Gbit/s.
<end of output>
Test time =   0.07 sec
----------------------------------------------------------
Test Passed.
"byte_stream_speed_test" end time: Dec 10 11:01 CST
"byte_stream_speed_test" time elapsed: 00:00:00
----------------------------------------------------------

End testing: Dec 10 11:01 CST
